build/app/outputs/mapping/release/seeds.txt
com.ooz.earthquakesofworld.MainActivity
com.ooz.earthquakesofworld.MainActivity: MainActivity()
...
com.google.android.gms.measurement.internal.AppMeasurementDynamiteService: void getCurrentScreenName(com.google.android.gms.internal.measurement.zzw)
com.google.android.gms.internal.measurement.zzca$zzc: java.lang.String zzd
com.google.android.gms.measurement.AppMeasurement: java.util.Map getUserProperties(java.lang.String,java.lang.String,boolean)
com.google.android.gms.base.R$drawable: int common_google_signin_btn_icon_light
com.google.android.gms.internal.measurement.zzcd$zzg: com.google.android.gms.internal.measurement.zzjs zzay
io.flutter.embedding.engine.FlutterJNI: void setSemanticsEnabled(boolean)
com.google.android.gms.internal.measurement.zzck$zzd: int zzc
io.flutter.embedding.engine.systemchannels.PlatformChannel$ClipboardContentFormat: io.flutter.embedding.engine.systemchannels.PlatformChannel$ClipboardContentFormat valueOf(java.lang.String)
com.google.android.gms.internal.measurement.zzbv$zzf: int zzd
androidx.core.R$id: int notification_background
com.google.android.gms.internal.measurement.zzca$zzc
com.google.firebase.crashlytics.internal.network.HttpMethod: com.google.firebase.crashlytics.internal.network.HttpMethod valueOf(java.lang.String)
com.google.android.gms.internal.measurement.zzbv$zzb
com.google.android.gms.measurement.AppMeasurement$ConditionalUserProperty: android.os.Bundle mTimedOutEventParams
io.flutter.embedding.engine.FlutterJNI: java.lang.String TAG
io.flutter.plugin.platform.SingleViewPresentation: android.content.Context outerContext
io.flutter.plugin.editing.TextInputPlugin$InputTarget$Type: io.flutter.plugin.editing.TextInputPlugin$InputTarget$Type valueOf(java.lang.String)
com.google.android.gms.internal.measurement.zzcd$zzi: com.google.android.gms.internal.measurement.zzih zzc
com.google.android.gms.internal.measurement.zzcd$zzh: com.google.android.gms.internal.measurement.zzig zze
com.google.firebase.crashlytics.internal.common.DataTransportState: com.google.firebase.crashlytics.internal.common.DataTransportState valueOf(java.lang.String)
io.flutter.embedding.android.FlutterImageView: io.flutter.embedding.engine.renderer.FlutterRenderer getAttachedRenderer()
io.flutter.embedding.engine.FlutterJNI: void nativeDestroy(long)
androidx.core.R$id: int text
io.flutter.view.AccessibilityViewEmbedder: android.view.accessibility.AccessibilityNodeInfo getRootNode(android.view.View,int,android.graphics.Rect)
io.flutter.embedding.android.FlutterActivityLaunchConfigs$BackgroundMode: io.flutter.embedding.android.FlutterActivityLaunchConfigs$BackgroundMode valueOf(java.lang.String)
io.flutter.view.AccessibilityBridge$Flag: io.flutter.view.AccessibilityBridge$Flag[] values()
com.google.android.gms.base.R$string: int common_google_play_services_install_title
androidx.versionedparcelable.ParcelImpl: android.os.Parcelable$Creator CREATOR
com.google.android.gms.maps.model.PolygonOptions: android.os.Parcelable$Creator CREATOR
io.flutter.view.AccessibilityViewEmbedder: boolean requestSendAccessibilityEvent(android.view.View,android.view.View,android.view.accessibility.AccessibilityEvent)
com.google.android.gms.internal.measurement.zzbv$zzd$zza: com.google.android.gms.internal.measurement.zzbv$zzd$zza[] values()
androidx.fragment.app.FragmentState: android.os.Parcelable$Creator CREATOR
io.flutter.view.AccessibilityViewEmbedder: java.lang.String TAG
androidx.lifecycle.ReportFragment$LifecycleCallbacks
io.flutter.plugins.firebase.core.FlutterFirebasePluginRegistry: com.google.android.gms.tasks.Task getPluginConstantsForFirebaseApp(com.google.firebase.FirebaseApp)
io.flutter.embedding.engine.plugins.lifecycle.HiddenLifecycleReference
io.flutter.embedding.engine.FlutterJNI: void nativeNotifyLowMemoryWarning(long)
io.flutter.embedding.engine.systemchannels.PlatformChannel$DeviceOrientation: io.flutter.embedding.engine.systemchannels.PlatformChannel$DeviceOrientation valueOf(java.lang.String)
com.google.android.gms.common.internal.ReflectedParcelable