build/app/outputs/mapping/release/mapping.txt
# compiler: R8
# compiler_version: 2.0.88
# min_api: 16
# pg_map_id: e1b3de6
# common_typos_disable
...
androidx.loader.app.LoaderManagerImpl$LoaderInfo -> a.e.a.b$a:
    androidx.loader.content.Loader mLoader -> l
    androidx.lifecycle.LifecycleOwner mLifecycleOwner -> m
    int mId -> j
    androidx.loader.app.LoaderManagerImpl$LoaderObserver mObserver -> n
    android.os.Bundle mArgs -> k
    androidx.loader.content.Loader mPriorLoader -> o
    void onActive() -> e
    void onInactive() -> f
    void removeObserver(androidx.lifecycle.Observer) -> g
    void setValue(java.lang.Object) -> h
    androidx.loader.content.Loader destroy(boolean) -> i
    void dump(java.lang.String,java.io.FileDescriptor,java.io.PrintWriter,java.lang.String[]) -> j
    void markForRedelivery() -> k
androidx.loader.app.LoaderManagerImpl$LoaderObserver -> a.e.a.b$b:
androidx.loader.app.LoaderManagerImpl$LoaderViewModel -> a.e.a.b$c:
    androidx.lifecycle.ViewModelProvider$Factory FACTORY -> c
    androidx.collection.SparseArrayCompat mLoaders -> b
    void onCleared() -> c
    void dump(java.lang.String,java.io.FileDescriptor,java.io.PrintWriter,java.lang.String[]) -> d
    androidx.loader.app.LoaderManagerImpl$LoaderViewModel getInstance(androidx.lifecycle.ViewModelStore) -> e
    void markForRedelivery() -> f
androidx.loader.app.LoaderManagerImpl$LoaderViewModel$1 -> a.e.a.b$c$a:
    androidx.lifecycle.ViewModel create(java.lang.Class) -> a
androidx.loader.content.Loader -> a.e.b.a:
    boolean cancelLoad() -> a
    void dump(java.lang.String,java.io.FileDescriptor,java.io.PrintWriter,java.lang.String[]) -> b
    void reset() -> c
    void startLoading() -> d
    void stopLoading() -> e
androidx.savedstate.Recreator -> androidx.savedstate.Recreator:
    androidx.savedstate.SavedStateRegistryOwner mOwner -> a
    void reflectiveNew(java.lang.String) -> a
    void onStateChanged(androidx.lifecycle.LifecycleOwner,androidx.lifecycle.Lifecycle$Event) -> o
androidx.savedstate.SavedStateRegistry -> androidx.savedstate.SavedStateRegistry:
    android.os.Bundle mRestoredState -> b
    androidx.arch.core.internal.SafeIterableMap mComponents -> a
    boolean mRestored -> c
    boolean mAllowingSavingState -> d
    android.os.Bundle consumeRestoredStateForKey(java.lang.String) -> a
    void performRestore(androidx.lifecycle.Lifecycle,android.os.Bundle) -> b
    void performSave(android.os.Bundle) -> c
androidx.savedstate.SavedStateRegistry$1 -> androidx.savedstate.SavedStateRegistry$1:
    androidx.savedstate.SavedStateRegistry this$0 -> a
    void onStateChanged(androidx.lifecycle.LifecycleOwner,androidx.lifecycle.Lifecycle$Event) -> o
androidx.savedstate.SavedStateRegistry$AutoRecreated -> androidx.savedstate.SavedStateRegistry$a:
    void onRecreated(androidx.savedstate.SavedStateRegistryOwner) -> a
androidx.savedstate.SavedStateRegistry$SavedStateProvider -> androidx.savedstate.SavedStateRegistry$b:
    android.os.Bundle saveState() -> a
androidx.savedstate.SavedStateRegistryController -> androidx.savedstate.a:
    androidx.savedstate.SavedStateRegistryOwner mOwner -> a
    androidx.savedstate.SavedStateRegistry mRegistry -> b
    androidx.savedstate.SavedStateRegistryController create(androidx.savedstate.SavedStateRegistryOwner) -> a
    androidx.savedstate.SavedStateRegistry getSavedStateRegistry() -> b
    void performRestore(android.os.Bundle) -> c
    void performSave(android.os.Bundle) -> d
androidx.savedstate.SavedStateRegistryOwner -> androidx.savedstate.b:
    androidx.savedstate.SavedStateRegistry getSavedStateRegistry() -> h
androidx.versionedparcelable.ParcelImpl -> androidx.versionedparcelable.ParcelImpl:
    androidx.versionedparcelable.VersionedParcelable mParcel -> a
androidx.versionedparcelable.ParcelImpl$1 -> androidx.versionedparcelable.ParcelImpl$a:
    androidx.versionedparcelable.ParcelImpl createFromParcel(android.os.Parcel) -> a
    androidx.versionedparcelable.ParcelImpl[] newArray(int) -> b