build/app/outputs/mapping/release/usage.txt
com.ooz.earthquakesofworld.R$drawable
com.ooz.earthquakesofworld.R$string
com.ooz.earthquakesofworld.R$mipmap
com.ooz.earthquakesofworld.R$style
com.ooz.earthquakesofworld.R$id
com.ooz.earthquakesofworld.R$layout
com.ooz.earthquakesofworld.R$dimen
com.ooz.earthquakesofworld.R
com.ooz.earthquakesofworld.R$color
com.ooz.earthquakesofworld.R$integer
com.ooz.earthquakesofworld.BuildConfig
com.ooz.earthquakesofworld.R$styleable
com.ooz.earthquakesofworld.R$attr
...
com.google.android.gms.common.api.internal.RegisterListenerMethod:
    protected void <init>(com.google.android.gms.common.api.internal.ListenerHolder)
    protected void <init>(com.google.android.gms.common.api.internal.ListenerHolder,com.google.android.gms.common.Feature[],boolean)
    public com.google.android.gms.common.api.internal.ListenerHolder$ListenerKey getListenerKey()
    private final com.google.android.gms.common.api.internal.ListenerHolder zaju
    private final com.google.android.gms.common.Feature[] zajv
    private final boolean zajw
com.google.android.gms.common.util.AndroidUtilsLight:
    public void <init>()
    public static android.content.Context getDeviceProtectedStorageContext(android.content.Context)
kotlin.sequences.SequencesKt___SequencesKt$filterIndexed$1
okhttp3.Response:
    public okhttp3.Protocol protocol()
    public boolean isSuccessful()
    public java.lang.String message()
    public java.util.List headers(java.lang.String)
    public okhttp3.ResponseBody peekBody(long)
    public boolean isRedirect()
    public okhttp3.Response networkResponse()
    public okhttp3.Response cacheResponse()
    public java.util.List challenges()
com.google.android.gms.base.R$attr
androidx.lifecycle.MutableLiveData:
    public void postValue(java.lang.Object)
io.flutter.view.FlutterRunArguments
kotlin.jvm.JvmWildcard
com.google.firebase.encoders.BuildConfig
com.google.android.gms.internal.measurement.zzat
androidx.core.content.res.FontResourcesParserCompat$FetchStrategy
com.google.android.gms.common.images.zad
com.google.android.gms.maps.GoogleMap$OnMyLocationChangeListener
kotlin.collections.AbstractList$IteratorImpl
androidx.core.view.GestureDetectorCompat$GestureDetectorCompatImpl
com.google.android.gms.maps.internal.IUiSettingsDelegate:
    public abstract void setAllGesturesEnabled(boolean)
    public abstract void setIndoorLevelPickerEnabled(boolean)
    public abstract boolean isIndoorLevelPickerEnabled()
    public abstract void setScrollGesturesEnabledDuringRotateOrZoom(boolean)
    public abstract boolean isScrollGesturesEnabledDuringRotateOrZoom()
com.google.android.gms.internal.measurement.zzbf
kotlin.comparisons.NaturalOrderComparator
androidx.annotation.LongDef
kotlin.collections.AbstractMutableList
androidx.core.app.ActivityRecreator$2
com.google.firebase.crashlytics.CrashlyticsAnalyticsListener:
    static final java.lang.String EVENT_ORIGIN_KEY
    static final java.lang.String EVENT_NAME_KEY
    static final java.lang.String EVENT_PARAMS_KEY
    static final java.lang.String CRASHLYTICS_ORIGIN
com.google.android.gms.common.internal.FallbackServiceBroker
com.google.android.gms.maps.zzh
kotlin.PreconditionsKt__AssertionsJVMKt
com.google.android.gms.common.api.internal.zaai
io.flutter.embedding.engine.dart.DartExecutor$DefaultBinaryMessenger:
    public void send(java.lang.String,java.nio.ByteBuffer)
androidx.core.app.ServiceCompat
kotlin.jvm.internal.ReflectionFactory
io.flutter.plugins.googlemaps.R$styleable
com.google.firebase.crashlytics.internal.persistence.FileStoreImpl:
    boolean isExternalStorageAvailable()
    public static final java.lang.String FILES_PATH
androidx.loader.content.ModernAsyncTask$2
io.flutter.view.FlutterView$FirstFrameListener
kotlin.coroutines.experimental.migration.ExperimentalContinuationMigration
kotlin.io.FileTreeWalk$FileTreeWalkIterator$TopDownDirectoryState
androidx.loader.content.ModernAsyncTask$WorkerRunnable
okio.Utf8
androidx.core.content.FileProvider
kotlin.text.CharDirectionality$Companion
okhttp3.internal.ws.RealWebSocket$CancelRunnable
kotlin.ranges.CharProgressionIterator
kotlin.jvm.internal.Ref$IntRef
androidx.core.app.FrameMetricsAggregator$FrameMetricsApi24Impl$1
io.flutter.plugin.common.JSONUtil:
    private void <init>()
    public static java.lang.Object unwrap(java.lang.Object)